DEBUG:root:__init__
DEBUG:root:f181a6c1-e3e1-4790-8d31-e6284ef8a381.text e091cf3d-6675-4e9d-8a45-5580d2dbb2de.text
DEBUG:root:f181a6c1-e3e1-4790-8d31-e6284ef8a381.text e091cf3d-6675-4e9d-8a45-5580d2dbb2de.text
DEBUG:root:f181a6c1-e3e1-4790-8d31-e6284ef8a381.text&e091cf3d-6675-4e9d-8a45-5580d2dbb2de.text
DEBUG:root:f181a6c1-e3e1-4790-8d31-e6284ef8a381.text&e091cf3d-6675-4e9d-8a45-5580d2dbb2de.text
DEBUG:root:__init__
DEBUG:root:f181a6c1-e3e1-4790-8d31-e6284ef8a381.text&e091cf3d-6675-4e9d-8a45-5580d2dbb2de.text
DEBUG:root:f181a6c1-e3e1-4790-8d31-e6284ef8a381.text
DEBUG:root:e091cf3d-6675-4e9d-8a45-5580d2dbb2de.text
DEBUG:root:f181a6c1-e3e1-4790-8d31-e6284ef8a381.text&e091cf3d-6675-4e9d-8a45-5580d2dbb2de.text
DEBUG:root:f181a6c1-e3e1-4790-8d31-e6284ef8a381.text
DEBUG:root:e091cf3d-6675-4e9d-8a45-5580d2dbb2de.text
DEBUG:root:f181a6c1-e3e1-4790-8d31-e6284ef8a381.text&e091cf3d-6675-4e9d-8a45-5580d2dbb2de.text
DEBUG:root:f181a6c1-e3e1-4790-8d31-e6284ef8a381.text
DEBUG:root:e091cf3d-6675-4e9d-8a45-5580d2dbb2de.text
DEBUG:root:f181a6c1-e3e1-4790-8d31-e6284ef8a381.text&e091cf3d-6675-4e9d-8a45-5580d2dbb2de.text
DEBUG:root:f181a6c1-e3e1-4790-8d31-e6284ef8a381.text
DEBUG:root:e091cf3d-6675-4e9d-8a45-5580d2dbb2de.text
DEBUG:root:__init__
DEBUG:root:__init__
DEBUG:root:__init__
DEBUG:root:__init__
DEBUG:root:__init__
DEBUG:root:__init__
DEBUG:root:__init__
DEBUG:root:__init__
DEBUG:root:__init__
DEBUG:root:__init__
DEBUG:root:f181a6c1-e3e1-4790-8d31-e6284ef8a381.text
DEBUG:root:f181a6c1-e3e1-4790-8d31-e6284ef8a381.text
DEBUG:root:f181a6c1-e3e1-4790-8d31-e6284ef8a381.text&e091cf3d-6675-4e9d-8a45-5580d2dbb2de.text
DEBUG:root:f181a6c1-e3e1-4790-8d31-e6284ef8a381.text
DEBUG:root:e091cf3d-6675-4e9d-8a45-5580d2dbb2de.text
DEBUG:root:Total time = 0.11433506012
DEBUG:root:__init__
